	Babylon.js Exporter version: 1.5.0, Blender version: 2.73 (sub 0)
========= Conversion from Blender to Babylon.js =========
	Python World class constructor completed
	processing begun of material:  Door.Material
	Diffuse texture found
	processing begun of material:  Door.Material.001
	processing begun of mesh:  HandleRear
		num positions      :  110
		num normals        :  110
		num uvs            :  0
		num uvs2           :  0
		num colors         :  0
		num indices        :  648
	processing begun of mesh:  HandleFront
		num positions      :  110
		num normals        :  110
		num uvs            :  0
		num uvs2           :  0
		num colors         :  0
		num indices        :  648
	processing begun of mesh:  Door
		num positions      :  66
		num normals        :  66
		num uvs            :  132
		num uvs2           :  0
		num colors         :  0
		num indices        :  96
	processing begun of camera (FreeCamera):  Camera
	processing begun of light (POINT):  Lamp.002
	processing begun of light (POINT):  Lamp.001
	processing begun of light (POINT):  Lamp
========= Writing of scene file started =========
========= Writing of scene file completed =========
========= end of processing =========
