	Babylon.js Exporter version: 1.5.0, Blender version: 2.72 (sub 0)
========= Conversion from Blender to Babylon.js =========
	Python World class constructor completed
	processing begun of material:  PlayerBody_1.Material
	processing begun of material:  PlayerBody_1.Material.001
	Diffuse texture found
Error encountered processing image file:  C:\GitHub\RandomDungeons\Models3D\Blender\Sword_Texture.png, Error:  'C:\\GitHub\\RandomDungeons\\Models3D\\Blender\\Sword_Texture.png' and 'C:\\GitHub\\RandomDungeons\\Models3D\\Blender\\Sword_Texture.png' are the same file
	processing begun of skeleton:  Skeleton, id:  0
	processing begun of bone:  pelvis, index:  0
	animation begun of bone:  pelvis
	processing begun of bone:  stomach, index:  1
	animation begun of bone:  stomach
	processing begun of bone:  chest, index:  2
	animation begun of bone:  chest
	processing begun of bone:  neck, index:  3
	animation begun of bone:  neck
	processing begun of bone:  head, index:  4
	animation begun of bone:  head
	processing begun of bone:  shoulder.L, index:  5
	animation begun of bone:  shoulder.L
	processing begun of bone:  bicep.L, index:  6
	animation begun of bone:  bicep.L
	processing begun of bone:  forearm.L, index:  7
	animation begun of bone:  forearm.L
	processing begun of bone:  hand.L, index:  8
	animation begun of bone:  hand.L
	processing begun of bone:  middleFinger1.L, index:  9
	animation begun of bone:  middleFinger1.L
	processing begun of bone:  middleFinger2.L, index:  10
	animation begun of bone:  middleFinger2.L
	processing begun of bone:  thumb1.L, index:  11
	animation begun of bone:  thumb1.L
	processing begun of bone:  thumb2.L, index:  12
	animation begun of bone:  thumb2.L
	processing begun of bone:  shoulder.R, index:  13
	animation begun of bone:  shoulder.R
	processing begun of bone:  bicep.R, index:  14
	animation begun of bone:  bicep.R
	processing begun of bone:  forearm.R, index:  15
	animation begun of bone:  forearm.R
	processing begun of bone:  hand.R, index:  16
	animation begun of bone:  hand.R
	processing begun of bone:  middleFinger1.R, index:  17
	animation begun of bone:  middleFinger1.R
	processing begun of bone:  middleFinger2.R, index:  18
	animation begun of bone:  middleFinger2.R
	processing begun of bone:  thumb1.R, index:  19
	animation begun of bone:  thumb1.R
	processing begun of bone:  thumb2.R, index:  20
	animation begun of bone:  thumb2.R
	processing begun of bone:  hip.L, index:  21
	animation begun of bone:  hip.L
	processing begun of bone:  thigh.L, index:  22
	animation begun of bone:  thigh.L
	processing begun of bone:  shin.L, index:  23
	animation begun of bone:  shin.L
	processing begun of bone:  foot.L, index:  24
	animation begun of bone:  foot.L
	processing begun of bone:  hip.R, index:  25
	animation begun of bone:  hip.R
	processing begun of bone:  thigh.R, index:  26
	animation begun of bone:  thigh.R
	processing begun of bone:  shin.R, index:  27
	animation begun of bone:  shin.R
	processing begun of bone:  foot.R, index:  28
	animation begun of bone:  foot.R
	processing complete of skeleton:  Skeleton
	processing begun of mesh:  Body
		num positions      :  4800
		num normals        :  4800
		num uvs            :  0
		num uvs2           :  0
		num colors         :  0
		num indices        :  4800
		num skeletonWeights:  19200
		num skeletonIndices:  19200
	processing begun of mesh:  Sword
		num positions      :  2400
		num normals        :  2400
		num uvs            :  4800
		num uvs2           :  0
		num colors         :  0
		num indices        :  2400
		num skeletonWeights:  9600
		num skeletonIndices:  9600
	processing begun of camera (FreeCamera):  Camera
	processing begun of light (POINT):  Lamp
========= Writing of scene file started =========
========= Writing of scene file completed =========
========= end of processing =========
