	Babylon.js Exporter version: 1.5.0, Blender version: 2.73 (sub 0)
========= Conversion from Blender to Babylon.js =========
	Python World class constructor completed
	processing begun of material:  StartScene_noBump.Material
	Diffuse texture found
	processing begun of material:  StartScene_noBump.Material.001
	Diffuse texture found
	processing begun of material:  StartScene_noBump.Material.002
	Diffuse texture found
	processing begun of material:  StartScene_noBump.Material.003
	processing begun of material:  StartScene_noBump.Material.005
	Diffuse texture found
Error encountered processing image file:  C:\GitHub\RandomDungeons\Models3D\Blender\Door.png, Error:  'C:\\GitHub\\RandomDungeons\\Models3D\\Blender\\Door.png' and 'C:\\GitHub\\RandomDungeons\\Models3D\\Blender\\Door.png' are the same file
	processing begun of mesh:  Cylinder.001
		num positions      :  88
		num normals        :  88
		num uvs            :  176
		num uvs2           :  0
		num colors         :  0
		num indices        :  150
	processing begun of mesh:  Cylinder
		num positions      :  90
		num normals        :  90
		num uvs            :  180
		num uvs2           :  0
		num colors         :  0
		num indices        :  150
	processing begun of mesh:  Cube.001
		num positions      :  175
		num normals        :  175
		num uvs            :  350
		num uvs2           :  0
		num colors         :  0
		num indices        :  312
	processing begun of camera (FreeCamera):  Camera
	processing begun of mesh:  Cube.000
		num positions      :  66
		num normals        :  66
		num uvs            :  132
		num uvs2           :  0
		num colors         :  0
		num indices        :  96
	processing begun of mesh:  Cylinder.002
		num positions      :  110
		num normals        :  110
		num uvs            :  0
		num uvs2           :  0
		num colors         :  0
		num indices        :  648
	processing begun of mesh:  Cylinder.003
		num positions      :  110
		num normals        :  110
		num uvs            :  0
		num uvs2           :  0
		num colors         :  0
		num indices        :  648
	processing begun of light (POINT):  Lamp.002
	processing begun of light (POINT):  Lamp.001
	processing begun of light (POINT):  Lamp
========= Writing of scene file started =========
========= Writing of scene file completed =========
========= end of processing =========
