	Babylon.js Exporter version: 1.5.0, Blender version: 2.73 (sub 0)
========= Conversion from Blender to Babylon.js =========
	Python World class constructor completed
	processing begun of material:  Stone_Ball.Material.001
	Diffuse texture found
Error encountered processing image file:  C:\GitHub\RandomDungeons\Models3D\Blender\texture_Stone_Hexagon-05.jpg, Error:  'C:\\GitHub\\RandomDungeons\\Models3D\\Blender\\texture_Stone_Hexagon-05.jpg' and 'C:\\GitHub\\RandomDungeons\\Models3D\\Blender\\texture_Stone_Hexagon-05.jpg' are the same file
	processing begun of mesh:  Sphere
		num positions      :  662
		num normals        :  662
		num uvs            :  1324
		num uvs2           :  0
		num colors         :  0
		num indices        :  3456
		WARNING: # of 0 area faces found:  48
	processing begun of camera (FreeCamera):  Camera
	processing begun of light (POINT):  Point.001
	processing begun of light (POINT):  Point
	processing begun of light (POINT):  Lamp
========= Writing of scene file started =========
========= Writing of scene file completed =========
========= end of processing =========
