	Babylon.js Exporter version: 1.5.0, Blender version: 2.72 (sub 0)
========= Conversion from Blender to Babylon.js =========
	Python World class constructor completed
	processing begun of material:  DoorFrame.Material
	Diffuse texture found
Error encountered processing image file:  C:\GitHub\RandomDungeons\Models3D\DoorFrame.png, Error:  'C:\\GitHub\\RandomDungeons\\Models3D\\Blender\\..\\DoorFrame.png' and 'C:\\GitHub\\RandomDungeons\\Models3D\\DoorFrame.png' are the same file
	processing begun of material:  DoorFrame.Material.002
	Diffuse texture found
Error encountered processing image file:  C:\GitHub\RandomDungeons\Models3D\torch_wood.jpg, Error:  'C:\\GitHub\\RandomDungeons\\Models3D\\Blender\\..\\torch_wood.jpg' and 'C:\\GitHub\\RandomDungeons\\Models3D\\torch_wood.jpg' are the same file
	processing begun of mesh:  Cylinder.001
		num positions      :  89
		num normals        :  89
		num uvs            :  178
		num uvs2           :  0
		num colors         :  0
		num indices        :  150
	processing begun of mesh:  Cylinder
		num positions      :  91
		num normals        :  91
		num uvs            :  182
		num uvs2           :  0
		num colors         :  0
		num indices        :  150
	processing begun of mesh:  Cube.001
		num positions      :  179
		num normals        :  179
		num uvs            :  358
		num uvs2           :  0
		num colors         :  0
		num indices        :  312
	processing begun of camera (FreeCamera):  Camera
	processing begun of light (POINT):  Lamp.002
	processing begun of light (POINT):  Lamp.001
	processing begun of light (POINT):  Lamp
========= Writing of scene file started =========
========= Writing of scene file completed =========
========= end of processing =========
