	Babylon.js Exporter version: 1.1.0, Blender version: 2.72 (sub 0)
========= Conversion from Blender to Babylon.js =========
	Python World class constructor completed
	processing begun of material:  Door.Material
	Diffuse texture found
Error encountered processing image file:  C:\GitHub\RandomDungeons\Models3D\Door.png, Error:  'C:\\GitHub\\RandomDungeons\\Models3D\\Blender\\..\\Door.png' and 'C:\\GitHub\\RandomDungeons\\Models3D\\Door.png' are the same file
	processing begun of material:  Door.Material.001
	processing begun of mesh:  Cylinder.001
		num positions      :  110
		num normals        :  110
		num uvs            :  0
		num uvs2           :  0
		num colors         :  0
		num indices        :  648
	processing begun of mesh:  Cylinder
		num positions      :  110
		num normals        :  110
		num uvs            :  0
		num uvs2           :  0
		num colors         :  0
		num indices        :  648
	processing begun of light:  Lamp.002
	processing begun of light:  Lamp.001
	processing begun of mesh:  Cube.001
		num positions      :  68
		num normals        :  68
		num uvs            :  136
		num uvs2           :  0
		num colors         :  0
		num indices        :  96
	processing begun of light:  Lamp
	processing begun of camera:  Camera
========= Writing of scene file started =========
========= Writing of scene file completed =========
========= end of processing =========
