	Babylon.js Exporter version: 1.5.0, Blender version: 2.72 (sub 0)
========= Conversion from Blender to Babylon.js =========
	Python World class constructor completed
	processing begun of material:  FlyingBook.Material
	Diffuse texture found
	processing begun of skeleton:  Armature, id:  0
	processing begun of bone:  Spine, index:  0
	animation begun of bone:  Spine
	processing begun of bone:  Spine.001, index:  1
	animation begun of bone:  Spine.001
	processing begun of bone:  Spine.002, index:  2
	animation begun of bone:  Spine.002
	processing begun of bone:  Spine.003, index:  3
	animation begun of bone:  Spine.003
	processing begun of bone:  page.001, index:  4
	animation begun of bone:  page.001
	processing begun of bone:  page, index:  5
	animation begun of bone:  page
	processing begun of bone:  page.002, index:  6
	animation begun of bone:  page.002
	processing begun of bone:  Cover.L, index:  7
	animation begun of bone:  Cover.L
	processing begun of bone:  Cover.R, index:  8
	animation begun of bone:  Cover.R
	processing complete of skeleton:  Armature
	FCurve animation processing begun for:  FlyingBook
	processing begun of mesh:  FlyingBook
		num positions      :  3894
		num normals        :  3894
		num uvs            :  7788
		num uvs2           :  0
		num colors         :  0
		num indices        :  3894
		num skeletonWeights:  15576
		num skeletonIndices:  15576
	processing begun of camera (FreeCamera):  Camera
	processing begun of light (POINT):  Lamp
========= Writing of scene file started =========
========= Writing of scene file completed =========
========= end of processing =========
