	Babylon.js Exporter version: 1.5.0, Blender version: 2.72 (sub 0)
========= Conversion from Blender to Babylon.js =========
	Python World class constructor completed
	processing begun of material:  PlayerBody_1.Material
	Diffuse texture found
	processing begun of material:  PlayerBody_1.Material.002
	Diffuse texture found
	processing begun of material:  PlayerBody_1.Standard
	processing begun of skeleton:  Skeleton, id:  0
	processing begun of bone:  pelvis, index:  0
	animation begun of bone:  pelvis
	processing begun of bone:  stomach, index:  1
	animation begun of bone:  stomach
	processing begun of bone:  chest, index:  2
	animation begun of bone:  chest
	processing begun of bone:  neck, index:  3
	animation begun of bone:  neck
	processing begun of bone:  head, index:  4
	animation begun of bone:  head
	processing begun of bone:  shoulder.L, index:  5
	animation begun of bone:  shoulder.L
	processing begun of bone:  bicep.L, index:  6
	animation begun of bone:  bicep.L
	processing begun of bone:  forearm.L, index:  7
	animation begun of bone:  forearm.L
	processing begun of bone:  hand.L, index:  8
	animation begun of bone:  hand.L
	processing begun of bone:  middleFinger1.L, index:  9
	animation begun of bone:  middleFinger1.L
	processing begun of bone:  middleFinger2.L, index:  10
	animation begun of bone:  middleFinger2.L
	processing begun of bone:  thumb1.L, index:  11
	animation begun of bone:  thumb1.L
	processing begun of bone:  thumb2.L, index:  12
	animation begun of bone:  thumb2.L
	processing begun of bone:  shoulder.R, index:  13
	animation begun of bone:  shoulder.R
	processing begun of bone:  bicep.R, index:  14
	animation begun of bone:  bicep.R
	processing begun of bone:  forearm.R, index:  15
	animation begun of bone:  forearm.R
	processing begun of bone:  hand.R, index:  16
	animation begun of bone:  hand.R
	processing begun of bone:  middleFinger1.R, index:  17
	animation begun of bone:  middleFinger1.R
	processing begun of bone:  middleFinger2.R, index:  18
	animation begun of bone:  middleFinger2.R
	processing begun of bone:  thumb1.R, index:  19
	animation begun of bone:  thumb1.R
	processing begun of bone:  thumb2.R, index:  20
	animation begun of bone:  thumb2.R
	processing begun of bone:  hip.L, index:  21
	animation begun of bone:  hip.L
	processing begun of bone:  thigh.L, index:  22
	animation begun of bone:  thigh.L
	processing begun of bone:  shin.L, index:  23
	animation begun of bone:  shin.L
	processing begun of bone:  foot.L, index:  24
	animation begun of bone:  foot.L
	processing begun of bone:  hip.R, index:  25
	animation begun of bone:  hip.R
	processing begun of bone:  thigh.R, index:  26
	animation begun of bone:  thigh.R
	processing begun of bone:  shin.R, index:  27
	animation begun of bone:  shin.R
	processing begun of bone:  foot.R, index:  28
	animation begun of bone:  foot.R
	processing complete of skeleton:  Skeleton
	processing begun of mesh:  Body
		processing begun of multimaterial:  PlayerBody_1.Multimaterial#0
		num positions      :  4836
		num normals        :  4836
		num uvs            :  9672
		num uvs2           :  0
		num colors         :  0
		num indices        :  4836
		num skeletonWeights:  19344
		num skeletonIndices:  19344
	processing begun of mesh:  Sword
		num positions      :  2388
		num normals        :  2388
		num uvs            :  4776
		num uvs2           :  0
		num colors         :  0
		num indices        :  2388
		num skeletonWeights:  9552
		num skeletonIndices:  9552
	processing begun of camera (FreeCamera):  Camera
	processing begun of mesh:  swordCollisionMesh
		num positions      :  64
		num normals        :  64
		num uvs            :  0
		num uvs2           :  0
		num colors         :  0
		num indices        :  372
	FCurve animation processing begun for:  Lamp.002
	processing begun of light (POINT):  Lamp.002
	FCurve animation processing begun for:  Lamp.001
	processing begun of light (POINT):  Lamp.001
	FCurve animation processing begun for:  Lamp
	processing begun of light (POINT):  Lamp
========= Writing of scene file started =========
========= Writing of scene file completed =========
========= end of processing =========
